Copyright 1986-2020 Xilinx, Inc. All Rights Reserved.
------------------------------------------------------------------------------------
| Tool Version : Vivado v.2020.1 (win64) Build 2902540 Wed May 27 19:54:49 MDT 2020
| Date         : Tue Jul  7 21:11:03 2020
| Host         : DESKTOP-L08MEB9 running 64-bit major release  (build 9200)
| Command      : upgrade_ip
| Device       : xc7z010clg400-1
------------------------------------------------------------------------------------

Upgrade Log for IP 'system_tdc_bank_0_1'

1. Summary
----------

CAUTION (success, with warnings) in the upgrade of system_tdc_bank_0_1 (xilinx.com:user:tdc_bank:1.0) from (Rev. 2) to (Rev. 3)

After upgrade, an IP may have parameter and port differences compared to the original customization. Please review the parameters within the IP customization GUI to ensure proper functionality. Also, please review the updated IP instantiation template to ensure proper connectivity, and update your design if required.

2. Interface Information
------------------------

Detected external interface differences while upgrading 'system_tdc_bank_0_1'.


-Upgrade has added interface 'clock_i' (xilinx.com:signal:clock:1.0)


3. Connection Warnings
----------------------

Detected external port differences while upgrading 'system_tdc_bank_0_1'. These changes may impact your design.


-Upgrade has added port 'clock_i'

-Upgrade has added port 'data_o'

-Upgrade has added port 'delta_i'

-Upgrade has added port 'delta_o'







Copyright 1986-2020 Xilinx, Inc. All Rights Reserved.
------------------------------------------------------------------------------------
| Tool Version : Vivado v.2020.1 (win64) Build 2902540 Wed May 27 19:54:49 MDT 2020
| Date         : Tue Jul  7 18:30:24 2020
| Host         : DESKTOP-L08MEB9 running 64-bit major release  (build 9200)
| Command      : upgrade_ip
| Device       : xc7z010clg400-1
------------------------------------------------------------------------------------

Upgrade Log for IP 'system_tdc_sensor_0_0'

1. Summary
----------

SUCCESS in the upgrade of system_tdc_sensor_0_0 (xilinx.com:user:tdc_sensor:1.0) from (Rev. 25) to (Rev. 26)






Copyright 1986-2020 Xilinx, Inc. All Rights Reserved.
------------------------------------------------------------------------------------
| Tool Version : Vivado v.2020.1 (win64) Build 2902540 Wed May 27 19:54:49 MDT 2020
| Date         : Tue Jul  7 18:27:23 2020
| Host         : DESKTOP-L08MEB9 running 64-bit major release  (build 9200)
| Command      : upgrade_ip
| Device       : xc7z010clg400-1
------------------------------------------------------------------------------------

Upgrade Log for IP 'system_tdc_sensor_0_0'

1. Summary
----------

SUCCESS in the conversion of system_tdc_sensor_0_0 (xilinx.com:user:tdc_sensor:1.0 (Rev. 25)) to Vivado generation flows.






Copyright 1986-2020 Xilinx, Inc. All Rights Reserved.
------------------------------------------------------------------------------------
| Tool Version : Vivado v.2020.1 (win64) Build 2902540 Wed May 27 19:54:49 MDT 2020
| Date         : Tue Jul  7 18:20:06 2020
| Host         : DESKTOP-L08MEB9 running 64-bit major release  (build 9200)
| Command      : upgrade_ip
| Device       : xc7z010clg400-1
------------------------------------------------------------------------------------

Upgrade Log for IP 'system_tdc_sensor_0_0'

1. Summary
----------

SUCCESS in the upgrade of system_tdc_sensor_0_0 (xilinx.com:user:tdc_sensor:1.0) from (Rev. 24) to (Rev. 25)






Copyright 1986-2020 Xilinx, Inc. All Rights Reserved.
------------------------------------------------------------------------------------
| Tool Version : Vivado v.2020.1 (win64) Build 2902540 Wed May 27 19:54:49 MDT 2020
| Date         : Tue Jul  7 16:28:32 2020
| Host         : DESKTOP-L08MEB9 running 64-bit major release  (build 9200)
| Command      : upgrade_ip
| Device       : xc7z010clg400-1
------------------------------------------------------------------------------------

Upgrade Log for IP 'system_tdc_sensor_0_0'

1. Summary
----------

SUCCESS in the upgrade of system_tdc_sensor_0_0 (xilinx.com:user:tdc_sensor:1.0) from (Rev. 22) to (Rev. 24)






Copyright 1986-2020 Xilinx, Inc. All Rights Reserved.
------------------------------------------------------------------------------------
| Tool Version : Vivado v.2020.1 (win64) Build 2902540 Wed May 27 19:54:49 MDT 2020
| Date         : Tue Jul  7 16:24:35 2020
| Host         : DESKTOP-L08MEB9 running 64-bit major release  (build 9200)
| Command      : upgrade_ip
| Device       : xc7z010clg400-1
------------------------------------------------------------------------------------

Upgrade Log for IP 'system_tdc_sensor_0_0'

1. Summary
----------

SUCCESS in the upgrade of system_tdc_sensor_0_0 (xilinx.com:user:tdc_sensor:1.0) from (Rev. 21) to (Rev. 22)






Copyright 1986-2020 Xilinx, Inc. All Rights Reserved.
------------------------------------------------------------------------------------
| Tool Version : Vivado v.2020.1 (win64) Build 2902540 Wed May 27 19:54:49 MDT 2020
| Date         : Tue Jul  7 15:23:55 2020
| Host         : DESKTOP-L08MEB9 running 64-bit major release  (build 9200)
| Command      : upgrade_ip
| Device       : xc7z010clg400-1
------------------------------------------------------------------------------------

Upgrade Log for IP 'system_tdc_sensor_0_0'

1. Summary
----------

SUCCESS in the upgrade of system_tdc_sensor_0_0 (xilinx.com:user:tdc_sensor:1.0) from (Rev. 20) to (Rev. 21)






Copyright 1986-2020 Xilinx, Inc. All Rights Reserved.
------------------------------------------------------------------------------------
| Tool Version : Vivado v.2020.1 (win64) Build 2902540 Wed May 27 19:54:49 MDT 2020
| Date         : Tue Jul  7 15:16:51 2020
| Host         : DESKTOP-L08MEB9 running 64-bit major release  (build 9200)
| Command      : upgrade_ip
| Device       : xc7z010clg400-1
------------------------------------------------------------------------------------

Upgrade Log for IP 'system_tdc_sensor_0_0'

1. Summary
----------

SUCCESS in the upgrade of system_tdc_sensor_0_0 (xilinx.com:user:tdc_sensor:1.0) from (Rev. 19) to (Rev. 20)






Copyright 1986-2020 Xilinx, Inc. All Rights Reserved.
------------------------------------------------------------------------------------
| Tool Version : Vivado v.2020.1 (win64) Build 2902540 Wed May 27 19:54:49 MDT 2020
| Date         : Tue Jul  7 10:59:25 2020
| Host         : DESKTOP-L08MEB9 running 64-bit major release  (build 9200)
| Command      : upgrade_ip
| Device       : xc7z010clg400-1
------------------------------------------------------------------------------------

Upgrade Log for IP 'system_tdc_sensor_0_0'

1. Summary
----------

SUCCESS in the upgrade of system_tdc_sensor_0_0 (xilinx.com:user:tdc_sensor:1.0) from (Rev. 17) to (Rev. 19)






Copyright 1986-2020 Xilinx, Inc. All Rights Reserved.
------------------------------------------------------------------------------------
| Tool Version : Vivado v.2020.1 (win64) Build 2902540 Wed May 27 19:54:49 MDT 2020
| Date         : Tue Jul  7 09:57:21 2020
| Host         : DESKTOP-L08MEB9 running 64-bit major release  (build 9200)
| Command      : upgrade_ip
| Device       : xc7z010clg400-1
------------------------------------------------------------------------------------

Upgrade Log for IP 'system_tdc_sensor_0_0'

1. Summary
----------

SUCCESS in the upgrade of system_tdc_sensor_0_0 (xilinx.com:user:tdc_sensor:1.0) from (Rev. 16) to (Rev. 17)






Copyright 1986-2020 Xilinx, Inc. All Rights Reserved.
------------------------------------------------------------------------------------
| Tool Version : Vivado v.2020.1 (win64) Build 2902540 Wed May 27 19:54:49 MDT 2020
| Date         : Mon Jul  6 22:49:01 2020
| Host         : DESKTOP-L08MEB9 running 64-bit major release  (build 9200)
| Command      : upgrade_ip
| Device       : xc7z010clg400-1
------------------------------------------------------------------------------------

Upgrade Log for IP 'system_tdc_sensor_0_0'

1. Summary
----------

SUCCESS in the upgrade of system_tdc_sensor_0_0 (xilinx.com:user:tdc_sensor:1.0) from (Rev. 15) to (Rev. 16)






Copyright 1986-2020 Xilinx, Inc. All Rights Reserved.
------------------------------------------------------------------------------------
| Tool Version : Vivado v.2020.1 (win64) Build 2902540 Wed May 27 19:54:49 MDT 2020
| Date         : Mon Jul  6 21:13:38 2020
| Host         : DESKTOP-L08MEB9 running 64-bit major release  (build 9200)
| Command      : upgrade_ip
| Device       : xc7z010clg400-1
------------------------------------------------------------------------------------

Upgrade Log for IP 'system_fifo_controller_0_0'

1. Summary
----------

SUCCESS in the upgrade of system_fifo_controller_0_0 (xilinx.com:user:fifo_controller:1.0) from (Rev. 10) to (Rev. 11)






Copyright 1986-2020 Xilinx, Inc. All Rights Reserved.
------------------------------------------------------------------------------------
| Tool Version : Vivado v.2020.1 (win64) Build 2902540 Wed May 27 19:54:49 MDT 2020
| Date         : Mon Jul  6 21:09:09 2020
| Host         : DESKTOP-L08MEB9 running 64-bit major release  (build 9200)
| Command      : upgrade_ip
| Device       : xc7z010clg400-1
------------------------------------------------------------------------------------

Upgrade Log for IP 'system_fifo_controller_0_0'

1. Summary
----------

SUCCESS in the upgrade of system_fifo_controller_0_0 (xilinx.com:user:fifo_controller:1.0) from (Rev. 9) to (Rev. 10)






Copyright 1986-2020 Xilinx, Inc. All Rights Reserved.
------------------------------------------------------------------------------------
| Tool Version : Vivado v.2020.1 (win64) Build 2902540 Wed May 27 19:54:49 MDT 2020
| Date         : Mon Jul  6 20:55:43 2020
| Host         : DESKTOP-L08MEB9 running 64-bit major release  (build 9200)
| Command      : upgrade_ip
| Device       : xc7z010clg400-1
------------------------------------------------------------------------------------

Upgrade Log for IP 'system_fifo_controller_0_0'

1. Summary
----------

SUCCESS in the upgrade of system_fifo_controller_0_0 (xilinx.com:user:fifo_controller:1.0) from (Rev. 8) to (Rev. 9)






Copyright 1986-2020 Xilinx, Inc. All Rights Reserved.
------------------------------------------------------------------------------------
| Tool Version : Vivado v.2020.1 (win64) Build 2902540 Wed May 27 19:54:49 MDT 2020
| Date         : Mon Jul  6 20:29:26 2020
| Host         : DESKTOP-L08MEB9 running 64-bit major release  (build 9200)
| Command      : upgrade_ip
| Device       : xc7z010clg400-1
------------------------------------------------------------------------------------

Upgrade Log for IP 'system_fifo_controller_0_0'

1. Summary
----------

SUCCESS in the upgrade of system_fifo_controller_0_0 (xilinx.com:user:fifo_controller:1.0) from (Rev. 7) to (Rev. 8)






Copyright 1986-2020 Xilinx, Inc. All Rights Reserved.
------------------------------------------------------------------------------------
| Tool Version : Vivado v.2020.1 (win64) Build 2902540 Wed May 27 19:54:49 MDT 2020
| Date         : Mon Jul  6 19:01:12 2020
| Host         : DESKTOP-L08MEB9 running 64-bit major release  (build 9200)
| Command      : upgrade_ip
| Device       : xc7z010clg400-1
------------------------------------------------------------------------------------

Upgrade Log for IP 'system_fifo_controller_0_0'

1. Summary
----------

SUCCESS in the upgrade of system_fifo_controller_0_0 (xilinx.com:user:fifo_controller:1.0) from (Rev. 6) to (Rev. 7)






Copyright 1986-2020 Xilinx, Inc. All Rights Reserved.
------------------------------------------------------------------------------------
| Tool Version : Vivado v.2020.1 (win64) Build 2902540 Wed May 27 19:54:49 MDT 2020
| Date         : Mon Jul  6 18:08:36 2020
| Host         : DESKTOP-L08MEB9 running 64-bit major release  (build 9200)
| Command      : upgrade_ip
| Device       : xc7z010clg400-1
------------------------------------------------------------------------------------

Upgrade Log for IP 'system_simple_aes_0_0'

1. Summary
----------

SUCCESS in the upgrade of system_simple_aes_0_0 (xilinx.com:user:simple_aes:1.0) from (Rev. 13) to (Rev. 14)






Copyright 1986-2020 Xilinx, Inc. All Rights Reserved.
------------------------------------------------------------------------------------
| Tool Version : Vivado v.2020.1 (win64) Build 2902540 Wed May 27 19:54:49 MDT 2020
| Date         : Mon Jul  6 16:54:31 2020
| Host         : DESKTOP-L08MEB9 running 64-bit major release  (build 9200)
| Command      : upgrade_ip
| Device       : xc7z010clg400-1
------------------------------------------------------------------------------------

Upgrade Log for IP 'system_tdc_sensor_0_0'

1. Summary
----------

SUCCESS in the upgrade of system_tdc_sensor_0_0 (xilinx.com:user:tdc_sensor:1.0) from (Rev. 14) to (Rev. 15)






Copyright 1986-2020 Xilinx, Inc. All Rights Reserved.
------------------------------------------------------------------------------------
| Tool Version : Vivado v.2020.1 (win64) Build 2902540 Wed May 27 19:54:49 MDT 2020
| Date         : Mon Jul  6 13:12:01 2020
| Host         : DESKTOP-L08MEB9 running 64-bit major release  (build 9200)
| Command      : upgrade_ip
| Device       : xc7z010clg400-1
------------------------------------------------------------------------------------

Upgrade Log for IP 'system_tdc_sensor_0_0'

1. Summary
----------

SUCCESS in the upgrade of system_tdc_sensor_0_0 (xilinx.com:user:tdc_sensor:1.0) from (Rev. 13) to (Rev. 14)






Copyright 1986-2020 Xilinx, Inc. All Rights Reserved.
------------------------------------------------------------------------------------
| Tool Version : Vivado v.2020.1 (win64) Build 2902540 Wed May 27 19:54:49 MDT 2020
| Date         : Mon Jul  6 13:12:01 2020
| Host         : DESKTOP-L08MEB9 running 64-bit major release  (build 9200)
| Command      : upgrade_ip
| Device       : xc7z010clg400-1
------------------------------------------------------------------------------------

Upgrade Log for IP 'system_fifo_controller_0_0'

1. Summary
----------

SUCCESS in the upgrade of system_fifo_controller_0_0 (xilinx.com:user:fifo_controller:1.0) from (Rev. 4) to (Rev. 5)






Copyright 1986-2020 Xilinx, Inc. All Rights Reserved.
------------------------------------------------------------------------------------
| Tool Version : Vivado v.2020.1 (win64) Build 2902540 Wed May 27 19:54:49 MDT 2020
| Date         : Sun Jul  5 16:29:20 2020
| Host         : DESKTOP-L08MEB9 running 64-bit major release  (build 9200)
| Command      : upgrade_ip
| Device       : xc7z010clg400-1
------------------------------------------------------------------------------------

Upgrade Log for IP 'system_tdc_sensor_0_0'

1. Summary
----------

SUCCESS in the conversion of system_tdc_sensor_0_0 (xilinx.com:user:tdc_sensor:1.0 (Rev. 13)) to Vivado generation flows.






Copyright 1986-2020 Xilinx, Inc. All Rights Reserved.
------------------------------------------------------------------------------------
| Tool Version : Vivado v.2020.1 (win64) Build 2902540 Wed May 27 19:54:49 MDT 2020
| Date         : Thu Jul  2 20:41:14 2020
| Host         : DESKTOP-L08MEB9 running 64-bit major release  (build 9200)
| Command      : upgrade_ip
| Device       : xc7z010clg400-1
------------------------------------------------------------------------------------

Upgrade Log for IP 'system_fifo_controller_0_0'

1. Summary
----------

SUCCESS in the upgrade of system_fifo_controller_0_0 (xilinx.com:user:fifo_controller:1.0) from (Rev. 3) to (Rev. 4)






Copyright 1986-2020 Xilinx, Inc. All Rights Reserved.
------------------------------------------------------------------------------------
| Tool Version : Vivado v.2020.1 (win64) Build 2902540 Wed May 27 19:54:49 MDT 2020
| Date         : Thu Jul  2 19:39:17 2020
| Host         : DESKTOP-L08MEB9 running 64-bit major release  (build 9200)
| Command      : upgrade_ip
| Device       : xc7z010clg400-1
------------------------------------------------------------------------------------

Upgrade Log for IP 'system_tdc_sensor_0_0'

1. Summary
----------

CAUTION (success, with warnings) in the upgrade of system_tdc_sensor_0_0 (xilinx.com:user:tdc_sensor:1.0) from (Rev. 12) to (Rev. 13)

After upgrade, an IP may have parameter and port differences compared to the original customization. Please review the parameters within the IP customization GUI to ensure proper functionality. Also, please review the updated IP instantiation template to ensure proper connectivity, and update your design if required.

2. Connection Warnings
----------------------

Detected external port differences while upgrading 'system_tdc_sensor_0_0'. These changes may impact your design.


-Upgrade has added port 'data_o'


